# JRE version: Java(TM) SE Runtime Environment (8.0_291-b10) (build 1.8.0_291-b10)
# Java VM: Java HotSpot(TM) 64-Bit Server VM (25.291-b10 mixed mode windows-amd64 compressed oops)
Heap:
 PSYoungGen      total 76800K, used 7543K [0x00000000daf80000, 0x00000000e1b80000, 0x0000000100000000)
  eden space 65024K, 0% used [0x00000000daf80000,0x00000000daf80000,0x00000000def00000)
  from space 11776K, 64% used [0x00000000def00000,0x00000000df65df50,0x00000000dfa80000)
  to   space 11776K, 0% used [0x00000000e1000000,0x00000000e1000000,0x00000000e1b80000)
 ParOldGen       total 56832K, used 9937K [0x0000000090e00000, 0x0000000094580000, 0x00000000daf80000)
  object space 56832K, 17% used [0x0000000090e00000,0x00000000917b45e8,0x0000000094580000)
 Metaspace       used 32604K, capacity 35410K, committed 35496K, reserved 1079296K
  class space    used 4388K, capacity 4863K, committed 4912K, reserved 1048576K
GC Heap History (10 events):
Event: 8.929 GC heap after
Heap after GC invocations=8 (full 1):
 PSYoungGen      total 47616K, used 5864K [0x00000000daf80000, 0x00000000df380000, 0x0000000100000000)
  eden space 38912K, 0% used [0x00000000daf80000,0x00000000daf80000,0x00000000dd580000)
  from space 8704K, 67% used [0x00000000dd580000,0x00000000ddb3a330,0x00000000dde00000)
  to   space 8704K, 0% used [0x00000000deb00000,0x00000000deb00000,0x00000000df380000)
 ParOldGen       total 56832K, used 7563K [0x0000000090e00000, 0x0000000094580000, 0x00000000daf80000)
  object space 56832K, 13% used [0x0000000090e00000,0x0000000091562c10,0x0000000094580000)
 Metaspace       used 27358K, capacity 29328K, committed 29616K, reserved 1075200K
  class space    used 3582K, capacity 3922K, committed 4016K, reserved 1048576K
}
Event: 9.942 GC heap before
{Heap before GC invocations=9 (full 1):
 PSYoungGen      total 47616K, used 44776K [0x00000000daf80000, 0x00000000df380000, 0x0000000100000000)
  eden space 38912K, 100% used [0x00000000daf80000,0x00000000dd580000,0x00000000dd580000)
  from space 8704K, 67% used [0x00000000dd580000,0x00000000ddb3a330,0x00000000dde00000)
  to   space 8704K, 0% used [0x00000000deb00000,0x00000000deb00000,0x00000000df380000)
 ParOldGen       total 56832K, used 7563K [0x0000000090e00000, 0x0000000094580000, 0x00000000daf80000)
  object space 56832K, 13% used [0x0000000090e00000,0x0000000091562c10,0x0000000094580000)
 Metaspace       used 28642K, capacity 31106K, committed 31408K, reserved 1077248K
  class space    used 3784K, capacity 4221K, committed 4272K, reserved 1048576K
Event: 9.969 GC heap after
Heap after GC invocations=9 (full 1):
 PSYoungGen      total 60928K, used 7015K [0x00000000daf80000, 0x00000000df600000, 0x0000000100000000)
  eden space 52224K, 0% used [0x00000000daf80000,0x00000000daf80000,0x00000000de280000)
  from space 8704K, 80% used [0x00000000deb00000,0x00000000df1d9e00,0x00000000df380000)
  to   space 8704K, 0% used [0x00000000de280000,0x00000000de280000,0x00000000deb00000)
 ParOldGen       total 56832K, used 7571K [0x0000000090e00000, 0x0000000094580000, 0x00000000daf80000)
  object space 56832K, 13% used [0x0000000090e00000,0x0000000091564c10,0x0000000094580000)
 Metaspace       used 28642K, capacity 31106K, committed 31408K, reserved 1077248K
  class space    used 3784K, capacity 4221K, committed 4272K, reserved 1048576K
}
Event: 11.130 GC heap before
{Heap before GC invocations=10 (full 1):
 PSYoungGen      total 60928K, used 59239K [0x00000000daf80000, 0x00000000df600000, 0x0000000100000000)
  eden space 52224K, 100% used [0x00000000daf80000,0x00000000de280000,0x00000000de280000)
  from space 8704K, 80% used [0x00000000deb00000,0x00000000df1d9e00,0x00000000df380000)
  to   space 8704K, 0% used [0x00000000de280000,0x00000000de280000,0x00000000deb00000)
 ParOldGen       total 56832K, used 7571K [0x0000000090e00000, 0x0000000094580000, 0x00000000daf80000)
  object space 56832K, 13% used [0x0000000090e00000,0x0000000091564c10,0x0000000094580000)
 Metaspace       used 30109K, capacity 32738K, committed 32944K, reserved 1077248K
  class space    used 4002K, capacity 4449K, committed 4528K, reserved 1048576K
Event: 11.164 GC heap after
Heap after GC invocations=10 (full 1):
 PSYoungGen      total 60928K, used 8676K [0x00000000daf80000, 0x00000000e0480000, 0x0000000100000000)
  eden space 52224K, 0% used [0x00000000daf80000,0x00000000daf80000,0x00000000de280000)
  from space 8704K, 99% used [0x00000000de280000,0x00000000deaf9238,0x00000000deb00000)
  to   space 10240K, 0% used [0x00000000dfa80000,0x00000000dfa80000,0x00000000e0480000)
 ParOldGen       total 56832K, used 8496K [0x0000000090e00000, 0x0000000094580000, 0x00000000daf80000)
  object space 56832K, 14% used [0x0000000090e00000,0x000000009164c128,0x0000000094580000)
 Metaspace       used 30109K, capacity 32738K, committed 32944K, reserved 1077248K
  class space    used 4002K, capacity 4449K, committed 4528K, reserved 1048576K
}
Event: 13.043 GC heap before
{Heap before GC invocations=11 (full 1):
 PSYoungGen      total 60928K, used 60900K [0x00000000daf80000, 0x00000000e0480000, 0x0000000100000000)
  eden space 52224K, 100% used [0x00000000daf80000,0x00000000de280000,0x00000000de280000)
  from space 8704K, 99% used [0x00000000de280000,0x00000000deaf9238,0x00000000deb00000)
  to   space 10240K, 0% used [0x00000000dfa80000,0x00000000dfa80000,0x00000000e0480000)
 ParOldGen       total 56832K, used 8496K [0x0000000090e00000, 0x0000000094580000, 0x00000000daf80000)
  object space 56832K, 14% used [0x0000000090e00000,0x000000009164c128,0x0000000094580000)
 Metaspace       used 31915K, capacity 34590K, committed 34736K, reserved 1079296K
  class space    used 4279K, capacity 4733K, committed 4784K, reserved 1048576K
Event: 13.076 GC heap after
Heap after GC invocations=11 (full 1):
 PSYoungGen      total 75264K, used 10212K [0x00000000daf80000, 0x00000000e0780000, 0x0000000100000000)
  eden space 65024K, 0% used [0x00000000daf80000,0x00000000daf80000,0x00000000def00000)
  from space 10240K, 99% used [0x00000000dfa80000,0x00000000e04790c0,0x00000000e0480000)
  to   space 11776K, 0% used [0x00000000def00000,0x00000000def00000,0x00000000dfa80000)
 ParOldGen       total 56832K, used 9937K [0x0000000090e00000, 0x0000000094580000, 0x00000000daf80000)
  object space 56832K, 17% used [0x0000000090e00000,0x00000000917b45e8,0x0000000094580000)
 Metaspace       used 31915K, capacity 34590K, committed 34736K, reserved 1079296K
  class space    used 4279K, capacity 4733K, committed 4784K, reserved 1048576K
}
Event: 13.458 GC heap before
{Heap before GC invocations=12 (full 1):
 PSYoungGen      total 75264K, used 26406K [0x00000000daf80000, 0x00000000e0780000, 0x0000000100000000)
  eden space 65024K, 24% used [0x00000000daf80000,0x00000000dbf50848,0x00000000def00000)
  from space 10240K, 99% used [0x00000000dfa80000,0x00000000e04790c0,0x00000000e0480000)
  to   space 11776K, 0% used [0x00000000def00000,0x00000000def00000,0x00000000dfa80000)
 ParOldGen       total 56832K, used 9937K [0x0000000090e00000, 0x0000000094580000, 0x00000000daf80000)
  object space 56832K, 17% used [0x0000000090e00000,0x00000000917b45e8,0x0000000094580000)
 Metaspace       used 32604K, capacity 35410K, committed 35496K, reserved 1079296K
  class space    used 4388K, capacity 4863K, committed 4912K, reserved 1048576K
Event: 13.483 GC heap after
Heap after GC invocations=12 (full 1):
 PSYoungGen      total 76800K, used 7543K [0x00000000daf80000, 0x00000000e1b80000, 0x0000000100000000)
  eden space 65024K, 0% used [0x00000000daf80000,0x00000000daf80000,0x00000000def00000)
  from space 11776K, 64% used [0x00000000def00000,0x00000000df65df50,0x00000000dfa80000)
  to   space 11776K, 0% used [0x00000000e1000000,0x00000000e1000000,0x00000000e1b80000)
 ParOldGen       total 56832K, used 9937K [0x0000000090e00000, 0x0000000094580000, 0x00000000daf80000)
  object space 56832K, 17% used [0x0000000090e00000,0x00000000917b45e8,0x0000000094580000)
 Metaspace       used 32604K, capacity 35410K, committed 35496K, reserved 1079296K
  class space    used 4388K, capacity 4863K, committed 4912K, reserved 1048576K
}
Event: 13.483 GC heap before
{Heap before GC invocations=13 (full 2):
 PSYoungGen      total 76800K, used 7543K [0x00000000daf80000, 0x00000000e1b80000, 0x0000000100000000)
  eden space 65024K, 0% used [0x00000000daf80000,0x00000000daf80000,0x00000000def00000)
  from space 11776K, 64% used [0x00000000def00000,0x00000000df65df50,0x00000000dfa80000)
  to   space 11776K, 0% used [0x00000000e1000000,0x00000000e1000000,0x00000000e1b80000)
 ParOldGen       total 56832K, used 9937K [0x0000000090e00000, 0x0000000094580000, 0x00000000daf80000)
  object space 56832K, 17% used [0x0000000090e00000,0x00000000917b45e8,0x0000000094580000)
 Metaspace       used 32604K, capacity 35410K, committed 35496K, reserved 1079296K
  class space    used 4388K, capacity 4863K, committed 4912K, reserved 1048576K

