# JRE version: Java(TM) SE Runtime Environment (8.0_291-b10) (build 1.8.0_291-b10)
# Java VM: Java HotSpot(TM) 64-Bit Server VM (25.291-b10 mixed mode windows-amd64 compressed oops)
Heap:
 PSYoungGen      total 94208K, used 18869K [0x00000000daf80000, 0x00000000e1800000, 0x0000000100000000)
  eden space 82944K, 22% used [0x00000000daf80000,0x00000000dc1ed7e8,0x00000000e0080000)
  from space 11264K, 0% used [0x00000000e0b80000,0x00000000e0b80000,0x00000000e1680000)
  to   space 11264K, 0% used [0x00000000e0080000,0x00000000e0080000,0x00000000e0b80000)
 ParOldGen       total 79872K, used 12155K [0x0000000090e00000, 0x0000000095c00000, 0x00000000daf80000)
  object space 79872K, 15% used [0x0000000090e00000,0x00000000919ded90,0x0000000095c00000)
 Metaspace       used 33913K, capacity 36750K, committed 36912K, reserved 1081344K
  class space    used 4653K, capacity 5131K, committed 5168K, reserved 1048576K
GC Heap History (10 events):
Event: 8.188 GC heap before
{Heap before GC invocations=8 (full 1):
 PSYoungGen      total 51712K, used 46920K [0x00000000daf80000, 0x00000000deb00000, 0x0000000100000000)
  eden space 43008K, 100% used [0x00000000daf80000,0x00000000dd980000,0x00000000dd980000)
  from space 8704K, 44% used [0x00000000de200000,0x00000000de5d2128,0x00000000dea80000)
  to   space 8704K, 0% used [0x00000000dd980000,0x00000000dd980000,0x00000000de200000)
 ParOldGen       total 54272K, used 7593K [0x0000000090e00000, 0x0000000094300000, 0x00000000daf80000)
  object space 54272K, 13% used [0x0000000090e00000,0x000000009156a4c0,0x0000000094300000)
 Metaspace       used 27618K, capacity 30008K, committed 30256K, reserved 1075200K
  class space    used 3652K, capacity 4092K, committed 4144K, reserved 1048576K
Event: 8.203 GC heap after
Heap after GC invocations=8 (full 1):
 PSYoungGen      total 51712K, used 6143K [0x00000000daf80000, 0x00000000dff00000, 0x0000000100000000)
  eden space 43008K, 0% used [0x00000000daf80000,0x00000000daf80000,0x00000000dd980000)
  from space 8704K, 70% used [0x00000000dd980000,0x00000000ddf7fda0,0x00000000de200000)
  to   space 8704K, 0% used [0x00000000df680000,0x00000000df680000,0x00000000dff00000)
 ParOldGen       total 54272K, used 7601K [0x0000000090e00000, 0x0000000094300000, 0x00000000daf80000)
  object space 54272K, 14% used [0x0000000090e00000,0x000000009156c4c0,0x0000000094300000)
 Metaspace       used 27618K, capacity 30008K, committed 30256K, reserved 1075200K
  class space    used 3652K, capacity 4092K, committed 4144K, reserved 1048576K
}
Event: 9.276 GC heap before
{Heap before GC invocations=9 (full 1):
 PSYoungGen      total 51712K, used 49151K [0x00000000daf80000, 0x00000000dff00000, 0x0000000100000000)
  eden space 43008K, 100% used [0x00000000daf80000,0x00000000dd980000,0x00000000dd980000)
  from space 8704K, 70% used [0x00000000dd980000,0x00000000ddf7fda0,0x00000000de200000)
  to   space 8704K, 0% used [0x00000000df680000,0x00000000df680000,0x00000000dff00000)
 ParOldGen       total 54272K, used 7601K [0x0000000090e00000, 0x0000000094300000, 0x00000000daf80000)
  object space 54272K, 14% used [0x0000000090e00000,0x000000009156c4c0,0x0000000094300000)
 Metaspace       used 28896K, capacity 31396K, committed 31408K, reserved 1077248K
  class space    used 3823K, capacity 4266K, committed 4272K, reserved 1048576K
Event: 9.298 GC heap after
Heap after GC invocations=9 (full 1):
 PSYoungGen      total 72192K, used 7566K [0x00000000daf80000, 0x00000000e0180000, 0x0000000100000000)
  eden space 63488K, 0% used [0x00000000daf80000,0x00000000daf80000,0x00000000ded80000)
  from space 8704K, 86% used [0x00000000df680000,0x00000000dfde3850,0x00000000dff00000)
  to   space 9216K, 0% used [0x00000000ded80000,0x00000000ded80000,0x00000000df680000)
 ParOldGen       total 54272K, used 7609K [0x0000000090e00000, 0x0000000094300000, 0x00000000daf80000)
  object space 54272K, 14% used [0x0000000090e00000,0x000000009156e4c0,0x0000000094300000)
 Metaspace       used 28896K, capacity 31396K, committed 31408K, reserved 1077248K
  class space    used 3823K, capacity 4266K, committed 4272K, reserved 1048576K
}
Event: 11.271 GC heap before
{Heap before GC invocations=10 (full 1):
 PSYoungGen      total 72192K, used 71054K [0x00000000daf80000, 0x00000000e0180000, 0x0000000100000000)
  eden space 63488K, 100% used [0x00000000daf80000,0x00000000ded80000,0x00000000ded80000)
  from space 8704K, 86% used [0x00000000df680000,0x00000000dfde3850,0x00000000dff00000)
  to   space 9216K, 0% used [0x00000000ded80000,0x00000000ded80000,0x00000000df680000)
 ParOldGen       total 54272K, used 7609K [0x0000000090e00000, 0x0000000094300000, 0x00000000daf80000)
  object space 54272K, 14% used [0x0000000090e00000,0x000000009156e4c0,0x0000000094300000)
 Metaspace       used 31128K, capacity 33812K, committed 34096K, reserved 1079296K
  class space    used 4157K, capacity 4614K, committed 4656K, reserved 1048576K
Event: 11.291 GC heap after
Heap after GC invocations=10 (full 1):
 PSYoungGen      total 72704K, used 9184K [0x00000000daf80000, 0x00000000e1680000, 0x0000000100000000)
  eden space 63488K, 0% used [0x00000000daf80000,0x00000000daf80000,0x00000000ded80000)
  from space 9216K, 99% used [0x00000000ded80000,0x00000000df678020,0x00000000df680000)
  to   space 11264K, 0% used [0x00000000e0b80000,0x00000000e0b80000,0x00000000e1680000)
 ParOldGen       total 54272K, used 9423K [0x0000000090e00000, 0x0000000094300000, 0x00000000daf80000)
  object space 54272K, 17% used [0x0000000090e00000,0x0000000091733c58,0x0000000094300000)
 Metaspace       used 31128K, capacity 33812K, committed 34096K, reserved 1079296K
  class space    used 4157K, capacity 4614K, committed 4656K, reserved 1048576K
}
Event: 12.513 GC heap before
{Heap before GC invocations=11 (full 1):
 PSYoungGen      total 72704K, used 59044K [0x00000000daf80000, 0x00000000e1680000, 0x0000000100000000)
  eden space 63488K, 78% used [0x00000000daf80000,0x00000000de031010,0x00000000ded80000)
  from space 9216K, 99% used [0x00000000ded80000,0x00000000df678020,0x00000000df680000)
  to   space 11264K, 0% used [0x00000000e0b80000,0x00000000e0b80000,0x00000000e1680000)
 ParOldGen       total 54272K, used 9423K [0x0000000090e00000, 0x0000000094300000, 0x00000000daf80000)
  object space 54272K, 17% used [0x0000000090e00000,0x0000000091733c58,0x0000000094300000)
 Metaspace       used 32609K, capacity 35410K, committed 35496K, reserved 1079296K
  class space    used 4389K, capacity 4863K, committed 4912K, reserved 1048576K
Event: 12.540 GC heap after
Heap after GC invocations=11 (full 1):
 PSYoungGen      total 94208K, used 8360K [0x00000000daf80000, 0x00000000e1800000, 0x0000000100000000)
  eden space 82944K, 0% used [0x00000000daf80000,0x00000000daf80000,0x00000000e0080000)
  from space 11264K, 74% used [0x00000000e0b80000,0x00000000e13aa038,0x00000000e1680000)
  to   space 11264K, 0% used [0x00000000e0080000,0x00000000e0080000,0x00000000e0b80000)
 ParOldGen       total 54272K, used 9423K [0x0000000090e00000, 0x0000000094300000, 0x00000000daf80000)
  object space 54272K, 17% used [0x0000000090e00000,0x0000000091733c58,0x0000000094300000)
 Metaspace       used 32609K, capacity 35410K, committed 35496K, reserved 1079296K
  class space    used 4389K, capacity 4863K, committed 4912K, reserved 1048576K
}
Event: 12.540 GC heap before
{Heap before GC invocations=12 (full 2):
 PSYoungGen      total 94208K, used 8360K [0x00000000daf80000, 0x00000000e1800000, 0x0000000100000000)
  eden space 82944K, 0% used [0x00000000daf80000,0x00000000daf80000,0x00000000e0080000)
  from space 11264K, 74% used [0x00000000e0b80000,0x00000000e13aa038,0x00000000e1680000)
  to   space 11264K, 0% used [0x00000000e0080000,0x00000000e0080000,0x00000000e0b80000)
 ParOldGen       total 54272K, used 9423K [0x0000000090e00000, 0x0000000094300000, 0x00000000daf80000)
  object space 54272K, 17% used [0x0000000090e00000,0x0000000091733c58,0x0000000094300000)
 Metaspace       used 32609K, capacity 35410K, committed 35496K, reserved 1079296K
  class space    used 4389K, capacity 4863K, committed 4912K, reserved 1048576K
Event: 12.671 GC heap after
Heap after GC invocations=12 (full 2):
 PSYoungGen      total 94208K, used 0K [0x00000000daf80000, 0x00000000e1800000, 0x0000000100000000)
  eden space 82944K, 0% used [0x00000000daf80000,0x00000000daf80000,0x00000000e0080000)
  from space 11264K, 0% used [0x00000000e0b80000,0x00000000e0b80000,0x00000000e1680000)
  to   space 11264K, 0% used [0x00000000e0080000,0x00000000e0080000,0x00000000e0b80000)
 ParOldGen       total 79872K, used 12155K [0x0000000090e00000, 0x0000000095c00000, 0x00000000daf80000)
  object space 79872K, 15% used [0x0000000090e00000,0x00000000919ded90,0x0000000095c00000)
 Metaspace       used 32609K, capacity 35410K, committed 35496K, reserved 1079296K
  class space    used 4389K, capacity 4863K, committed 4912K, reserved 1048576K
}

